<?xml version="1.0" encoding="UTF-8"?>
<!-- Generated by org.testng.reporters.JUnitReportReporter -->
<testsuite skipped="0" hostname="LCN06152002" name="com.automation.testsuite.NewTest" tests="1" failures="0" timestamp="27 Mar 2019 03:30:07 GMT" time="12.293" errors="0">
  <testcase name="testLogin" time="12.293" classname="com.automation.testsuite.NewTest"/>
</testsuite> <!-- com.automation.testsuite.NewTest -->
